# JRE version: Java(TM) SE Runtime Environment (8.0_151-b12) (build 1.8.0_151-b12)
# Java VM: Java HotSpot(TM) 64-Bit Server VM (25.151-b12 mixed mode windows-amd64 compressed oops)
Heap:
 PSYoungGen      total 428544K, used 6173K [0x00000000d5900000, 0x00000000f0700000, 0x0000000100000000)
  eden space 416768K, 1% used [0x00000000d5900000,0x00000000d5f075a0,0x00000000ef000000)
  from space 11776K, 0% used [0x00000000efb80000,0x00000000efb80000,0x00000000f0700000)
  to   space 11776K, 0% used [0x00000000ef000000,0x00000000ef000000,0x00000000efb80000)
 ParOldGen       total 82944K, used 40548K [0x0000000080a00000, 0x0000000085b00000, 0x00000000d5900000)
  object space 82944K, 48% used [0x0000000080a00000,0x0000000083199050,0x0000000085b00000)
 Metaspace       used 69076K, capacity 74864K, committed 75176K, reserved 1114112K
  class space    used 8749K, capacity 10029K, committed 10152K, reserved 1048576K
GC Heap History (10 events):
Event: 825.864 GC heap before
{Heap before GC invocations=56 (full 22):
 PSYoungGen      total 428544K, used 7565K [0x00000000d5900000, 0x00000000f0800000, 0x0000000100000000)
  eden space 416768K, 0% used [0x00000000d5900000,0x00000000d5900000,0x00000000ef000000)
  from space 11776K, 64% used [0x00000000efc80000,0x00000000f03e3608,0x00000000f0800000)
  to   space 12288K, 0% used [0x00000000ef000000,0x00000000ef000000,0x00000000efc00000)
 ParOldGen       total 82944K, used 39980K [0x0000000080a00000, 0x0000000085b00000, 0x00000000d5900000)
  object space 82944K, 48% used [0x0000000080a00000,0x000000008310b1c0,0x0000000085b00000)
 Metaspace       used 68469K, capacity 74170K, committed 74280K, reserved 1114112K
  class space    used 8703K, capacity 9948K, committed 10024K, reserved 1048576K
Event: 826.048 GC heap after
Heap after GC invocations=56 (full 22):
 PSYoungGen      total 428544K, used 0K [0x00000000d5900000, 0x00000000f0800000, 0x0000000100000000)
  eden space 416768K, 0% used [0x00000000d5900000,0x00000000d5900000,0x00000000ef000000)
  from space 11776K, 0% used [0x00000000efc80000,0x00000000efc80000,0x00000000f0800000)
  to   space 12288K, 0% used [0x00000000ef000000,0x00000000ef000000,0x00000000efc00000)
 ParOldGen       total 82944K, used 40206K [0x0000000080a00000, 0x0000000085b00000, 0x00000000d5900000)
  object space 82944K, 48% used [0x0000000080a00000,0x00000000831439b8,0x0000000085b00000)
 Metaspace       used 68463K, capacity 74158K, committed 74280K, reserved 1114112K
  class space    used 8702K, capacity 9945K, committed 10024K, reserved 1048576K
}
Event: 836.742 GC heap before
{Heap before GC invocations=57 (full 22):
 PSYoungGen      total 428544K, used 277232K [0x00000000d5900000, 0x00000000f0800000, 0x0000000100000000)
  eden space 416768K, 66% used [0x00000000d5900000,0x00000000e67bc168,0x00000000ef000000)
  from space 11776K, 0% used [0x00000000efc80000,0x00000000efc80000,0x00000000f0800000)
  to   space 12288K, 0% used [0x00000000ef000000,0x00000000ef000000,0x00000000efc00000)
 ParOldGen       total 82944K, used 40206K [0x0000000080a00000, 0x0000000085b00000, 0x00000000d5900000)
  object space 82944K, 48% used [0x0000000080a00000,0x00000000831439b8,0x0000000085b00000)
 Metaspace       used 68793K, capacity 74616K, committed 74792K, reserved 1114112K
  class space    used 8727K, capacity 9989K, committed 10024K, reserved 1048576K
Event: 836.749 GC heap after
Heap after GC invocations=57 (full 22):
 PSYoungGen      total 424448K, used 7625K [0x00000000d5900000, 0x00000000f0700000, 0x0000000100000000)
  eden space 416768K, 0% used [0x00000000d5900000,0x00000000d5900000,0x00000000ef000000)
  from space 7680K, 99% used [0x00000000ef000000,0x00000000ef7725b0,0x00000000ef780000)
  to   space 11776K, 0% used [0x00000000efb80000,0x00000000efb80000,0x00000000f0700000)
 ParOldGen       total 82944K, used 40214K [0x0000000080a00000, 0x0000000085b00000, 0x00000000d5900000)
  object space 82944K, 48% used [0x0000000080a00000,0x00000000831459b8,0x0000000085b00000)
 Metaspace       used 68793K, capacity 74616K, committed 74792K, reserved 1114112K
  class space    used 8727K, capacity 9989K, committed 10024K, reserved 1048576K
}
Event: 836.749 GC heap before
{Heap before GC invocations=58 (full 23):
 PSYoungGen      total 424448K, used 7625K [0x00000000d5900000, 0x00000000f0700000, 0x0000000100000000)
  eden space 416768K, 0% used [0x00000000d5900000,0x00000000d5900000,0x00000000ef000000)
  from space 7680K, 99% used [0x00000000ef000000,0x00000000ef7725b0,0x00000000ef780000)
  to   space 11776K, 0% used [0x00000000efb80000,0x00000000efb80000,0x00000000f0700000)
 ParOldGen       total 82944K, used 40214K [0x0000000080a00000, 0x0000000085b00000, 0x00000000d5900000)
  object space 82944K, 48% used [0x0000000080a00000,0x00000000831459b8,0x0000000085b00000)
 Metaspace       used 68793K, capacity 74616K, committed 74792K, reserved 1114112K
  class space    used 8727K, capacity 9989K, committed 10024K, reserved 1048576K
Event: 836.890 GC heap after
Heap after GC invocations=58 (full 23):
 PSYoungGen      total 424448K, used 0K [0x00000000d5900000, 0x00000000f0700000, 0x0000000100000000)
  eden space 416768K, 0% used [0x00000000d5900000,0x00000000d5900000,0x00000000ef000000)
  from space 7680K, 0% used [0x00000000ef000000,0x00000000ef000000,0x00000000ef780000)
  to   space 11776K, 0% used [0x00000000efb80000,0x00000000efb80000,0x00000000f0700000)
 ParOldGen       total 82944K, used 40366K [0x0000000080a00000, 0x0000000085b00000, 0x00000000d5900000)
  object space 82944K, 48% used [0x0000000080a00000,0x000000008316baa0,0x0000000085b00000)
 Metaspace       used 68787K, capacity 74604K, committed 74792K, reserved 1114112K
  class space    used 8726K, capacity 9986K, committed 10024K, reserved 1048576K
}
Event: 905.357 GC heap before
{Heap before GC invocations=59 (full 23):
 PSYoungGen      total 424448K, used 289664K [0x00000000d5900000, 0x00000000f0700000, 0x0000000100000000)
  eden space 416768K, 69% used [0x00000000d5900000,0x00000000e73e03e0,0x00000000ef000000)
  from space 7680K, 0% used [0x00000000ef000000,0x00000000ef000000,0x00000000ef780000)
  to   space 11776K, 0% used [0x00000000efb80000,0x00000000efb80000,0x00000000f0700000)
 ParOldGen       total 82944K, used 40366K [0x0000000080a00000, 0x0000000085b00000, 0x00000000d5900000)
  object space 82944K, 48% used [0x0000000080a00000,0x000000008316baa0,0x0000000085b00000)
 Metaspace       used 69078K, capacity 74870K, committed 75176K, reserved 1114112K
  class space    used 8749K, capacity 10030K, committed 10152K, reserved 1048576K
Event: 905.365 GC heap after
Heap after GC invocations=59 (full 23):
 PSYoungGen      total 428544K, used 7526K [0x00000000d5900000, 0x00000000f0700000, 0x0000000100000000)
  eden space 416768K, 0% used [0x00000000d5900000,0x00000000d5900000,0x00000000ef000000)
  from space 11776K, 63% used [0x00000000efb80000,0x00000000f02d9a78,0x00000000f0700000)
  to   space 11776K, 0% used [0x00000000ef000000,0x00000000ef000000,0x00000000efb80000)
 ParOldGen       total 82944K, used 40374K [0x0000000080a00000, 0x0000000085b00000, 0x00000000d5900000)
  object space 82944K, 48% used [0x0000000080a00000,0x000000008316daa0,0x0000000085b00000)
 Metaspace       used 69078K, capacity 74870K, committed 75176K, reserved 1114112K
  class space    used 8749K, capacity 10030K, committed 10152K, reserved 1048576K
}
Event: 905.365 GC heap before
{Heap before GC invocations=60 (full 24):
 PSYoungGen      total 428544K, used 7526K [0x00000000d5900000, 0x00000000f0700000, 0x0000000100000000)
  eden space 416768K, 0% used [0x00000000d5900000,0x00000000d5900000,0x00000000ef000000)
  from space 11776K, 63% used [0x00000000efb80000,0x00000000f02d9a78,0x00000000f0700000)
  to   space 11776K, 0% used [0x00000000ef000000,0x00000000ef000000,0x00000000efb80000)
 ParOldGen       total 82944K, used 40374K [0x0000000080a00000, 0x0000000085b00000, 0x00000000d5900000)
  object space 82944K, 48% used [0x0000000080a00000,0x000000008316daa0,0x0000000085b00000)
 Metaspace       used 69078K, capacity 74870K, committed 75176K, reserved 1114112K
  class space    used 8749K, capacity 10030K, committed 10152K, reserved 1048576K
Event: 905.519 GC heap after
Heap after GC invocations=60 (full 24):
 PSYoungGen      total 428544K, used 0K [0x00000000d5900000, 0x00000000f0700000, 0x0000000100000000)
  eden space 416768K, 0% used [0x00000000d5900000,0x00000000d5900000,0x00000000ef000000)
  from space 11776K, 0% used [0x00000000efb80000,0x00000000efb80000,0x00000000f0700000)
  to   space 11776K, 0% used [0x00000000ef000000,0x00000000ef000000,0x00000000efb80000)
 ParOldGen       total 82944K, used 40548K [0x0000000080a00000, 0x0000000085b00000, 0x00000000d5900000)
  object space 82944K, 48% used [0x0000000080a00000,0x0000000083199050,0x0000000085b00000)
 Metaspace       used 69072K, capacity 74858K, committed 75176K, reserved 1114112K
  class space    used 8748K, capacity 10027K, committed 10152K, reserved 1048576K
}

